#
# There is insufficient memory for the Java Runtime Environment to continue.
# Native memory allocation (malloc) failed to allocate 1712976 bytes for Chunk::new
# Possible reasons:
#   The system is out of physical RAM or swap space
#   The process is running with CompressedOops enabled, and the Java Heap may be blocking the growth of the native heap
# Possible solutions:
#   Reduce memory load on the system
#   Increase physical memory or swap space
#   Check if swap backing store is full
#   Decrease Java heap size (-Xmx/-Xms)
#   Decrease number of Java threads
#   Decrease Java thread stack sizes (-Xss)
#   Set larger code cache with -XX:ReservedCodeCacheSize=
#   JVM is running with Unscaled Compressed Oops mode in which the Java heap is
#     placed in the first 4GB address space. The Java Heap base address is the
#     maximum limit for the native heap growth. Please use -XX:HeapBaseMinAddress
#     to set the Java Heap base and to place the Java Heap above 4GB virtual address.
# This output file may be truncated or incomplete.
#
#  Out of Memory Error (allocation.cpp:389), pid=11384, tid=0x0000000000001e80
#
# JRE version: OpenJDK Runtime Environment (8.0_242-b01) (build 1.8.0_242-release-1644-b01)
# Java VM: OpenJDK 64-Bit Server VM (25.242-b01 mixed mode windows-amd64 compressed oops)
# Failed to write core dump. Minidumps are not enabled by default on client versions of Windows
#

---------------  T H R E A D  ---------------

Current thread (0x000000001735a800):  JavaThread "C2 CompilerThread1" daemon [_thread_in_native, id=7808, stack(0x0000000018aa0000,0x0000000018ba0000)]

Stack: [0x0000000018aa0000,0x0000000018ba0000]
[error occurred during error reporting (printing stack bounds), id 0xc0000005]

Native frames: (J=compiled Java code, j=interpreted, Vv=VM code, C=native code)


Current CompileTask:
C2:1154736 22190       4       com.android.tools.r8.s.b.X::c (1154 bytes)


---------------  P R O C E S S  ---------------

Java Threads: ( => current thread )
  0x000000002cef6800 JavaThread "stdout" [_thread_in_native, id=4504, stack(0x00000000304a0000,0x00000000305a0000)]
  0x000000002ceeb800 JavaThread "stderr" [_thread_in_native, id=9364, stack(0x00000000303a0000,0x00000000304a0000)]
  0x000000002ceef000 JavaThread "stdout" [_thread_in_native, id=13044, stack(0x00000000302a0000,0x00000000303a0000)]
  0x000000002ceea000 JavaThread "stderr" [_thread_in_native, id=13452, stack(0x00000000301a0000,0x00000000302a0000)]
  0x000000002ceed000 JavaThread "stdout" [_thread_in_native, id=11588, stack(0x00000000300a0000,0x00000000301a0000)]
  0x000000002cef0800 JavaThread "stderr" [_thread_in_native, id=5788, stack(0x000000002ffa0000,0x00000000300a0000)]
  0x000000002ceea800 JavaThread "stdout" [_thread_in_native, id=8460, stack(0x000000002fea0000,0x000000002ffa0000)]
  0x000000002ceee800 JavaThread "stderr" [_thread_in_native, id=10156, stack(0x000000002fc60000,0x000000002fd60000)]
  0x000000002ceed800 JavaThread "pool-6-thread-1" [_thread_blocked, id=10652, stack(0x000000002fda0000,0x000000002fea0000)]
  0x000000002d047800 JavaThread "MarlinRenderer Disposer" daemon [_thread_blocked, id=8120, stack(0x000000002fa00000,0x000000002fb00000)]
  0x000000002d048800 JavaThread "Java2D Disposer" daemon [_thread_blocked, id=11152, stack(0x000000002f8f0000,0x000000002f9f0000)]
  0x000000002d047000 JavaThread "WorkerExecutor Queue Thread 4" [_thread_blocked, id=3144, stack(0x000000002f3f0000,0x000000002f4f0000)]
  0x000000002d046000 JavaThread "WorkerExecutor Queue Thread 3" [_thread_blocked, id=2352, stack(0x000000002f2f0000,0x000000002f3f0000)]
  0x000000002d044800 JavaThread "WorkerExecutor Queue Thread 2" [_thread_blocked, id=13984, stack(0x000000002f1f0000,0x000000002f2f0000)]
  0x000000002d044000 JavaThread "WorkerExecutor Queue" [_thread_blocked, id=13400, stack(0x000000002f0f0000,0x000000002f1f0000)]
  0x000000002d03d000 JavaThread "Cache worker for execution history cache (C:\Users\Admin\AndroidStudioProjects\PerfectMovie\.gradle\6.5\executionHistory)" [_thread_blocked, id=3096, stack(0x000000002e5c0000,0x000000002e6c0000)]
  0x000000002d042800 JavaThread "Execution worker for ':' Thread 3" [_thread_blocked, id=140, stack(0x000000002d6a0000,0x000000002d7a0000)]
  0x000000002d03b000 JavaThread "Execution worker for ':' Thread 2" [_thread_blocked, id=5276, stack(0x000000002c5d0000,0x000000002c6d0000)]
  0x000000002d03f800 JavaThread "Execution worker for ':'" [_thread_blocked, id=13060, stack(0x000000002c4d0000,0x000000002c5d0000)]
  0x000000002d041000 JavaThread "Cache worker for file content cache (C:\Users\Admin\AndroidStudioProjects\PerfectMovie\.gradle\6.5\fileContent)" [_thread_blocked, id=2744, stack(0x000000002aad0000,0x000000002abd0000)]
  0x000000002d041800 JavaThread "Cache worker for Build Output Cleanup Cache (C:\Users\Admin\AndroidStudioProjects\PerfectMovie\.gradle\buildOutputCleanup)" [_thread_blocked, id=12908, stack(0x000000002a8d0000,0x000000002a9d0000)]
  0x000000002d039800 JavaThread "jar transforms Thread 339" [_thread_blocked, id=12932, stack(0x000000002a7d0000,0x000000002a8d0000)]
  0x000000002d03e000 JavaThread "jar transforms Thread 338" [_thread_blocked, id=10640, stack(0x000000002a6d0000,0x000000002a7d0000)]
  0x000000002d03a000 JavaThread "jar transforms Thread 337" [_thread_blocked, id=9744, stack(0x000000002a5d0000,0x000000002a6d0000)]
  0x000000002d03c800 JavaThread "jar transforms Thread 336" [_thread_blocked, id=11908, stack(0x000000002a4d0000,0x000000002a5d0000)]
  0x000000002d03b800 JavaThread "jar transforms Thread 335" [_thread_blocked, id=6696, stack(0x000000002a3d0000,0x000000002a4d0000)]
  0x000000002d040000 JavaThread "jar transforms Thread 334" [_thread_blocked, id=10976, stack(0x000000002a2d0000,0x000000002a3d0000)]
  0x000000001d6dd800 JavaThread "jar transforms Thread 333" [_thread_blocked, id=11536, stack(0x000000002a1d0000,0x000000002a2d0000)]
  0x000000001d6dc000 JavaThread "jar transforms Thread 332" [_thread_blocked, id=5208, stack(0x000000002a0d0000,0x000000002a1d0000)]
  0x000000001d6da800 JavaThread "jar transforms Thread 331" [_thread_blocked, id=13608, stack(0x0000000029fd0000,0x000000002a0d0000)]
  0x000000001d6dc800 JavaThread "jar transforms Thread 330" [_thread_blocked, id=4128, stack(0x0000000029ed0000,0x0000000029fd0000)]
  0x000000001d6df000 JavaThread "jar transforms Thread 329" [_thread_blocked, id=9000, stack(0x0000000029dd0000,0x0000000029ed0000)]
  0x000000001d6d7800 JavaThread "jar transforms Thread 328" [_thread_blocked, id=8256, stack(0x0000000029cd0000,0x0000000029dd0000)]
  0x000000001d6de000 JavaThread "jar transforms Thread 327" [_thread_blocked, id=776, stack(0x0000000029bd0000,0x0000000029cd0000)]
  0x000000001d6d9000 JavaThread "jar transforms Thread 326" [_thread_blocked, id=8032, stack(0x0000000029ad0000,0x0000000029bd0000)]
  0x000000001d6db000 JavaThread "jar transforms Thread 325" [_thread_blocked, id=6408, stack(0x00000000299d0000,0x0000000029ad0000)]
  0x000000001d6d8000 JavaThread "jar transforms Thread 324" [_thread_blocked, id=3132, stack(0x00000000298d0000,0x00000000299d0000)]
  0x000000001d6d9800 JavaThread "jar transforms Thread 323" [_thread_blocked, id=8572, stack(0x00000000297d0000,0x00000000298d0000)]
  0x000000001d6d0000 JavaThread "jar transforms Thread 322" [_thread_blocked, id=8440, stack(0x00000000296d0000,0x00000000297d0000)]
  0x000000001d6d6800 JavaThread "jar transforms Thread 321" [_thread_blocked, id=4216, stack(0x00000000295d0000,0x00000000296d0000)]
  0x000000001d6d6000 JavaThread "jar transforms Thread 320" [_thread_blocked, id=9736, stack(0x00000000294d0000,0x00000000295d0000)]
  0x000000001d6d5000 JavaThread "jar transforms Thread 319" [_thread_blocked, id=2548, stack(0x00000000293d0000,0x00000000294d0000)]
  0x000000001d6d3800 JavaThread "jar transforms Thread 318" [_thread_blocked, id=740, stack(0x00000000292d0000,0x00000000293d0000)]
  0x000000001d6d0800 JavaThread "jar transforms Thread 317" [_thread_blocked, id=5204, stack(0x00000000291d0000,0x00000000292d0000)]
  0x000000001d6d4800 JavaThread "jar transforms Thread 316" [_thread_blocked, id=10528, stack(0x00000000290d0000,0x00000000291d0000)]
  0x000000001d6d3000 JavaThread "jar transforms Thread 315" [_thread_blocked, id=1400, stack(0x0000000028fd0000,0x00000000290d0000)]
  0x000000001d6d2000 JavaThread "jar transforms Thread 314" [_thread_blocked, id=12744, stack(0x0000000028ed0000,0x0000000028fd0000)]
  0x000000001d6d1800 JavaThread "jar transforms Thread 313" [_thread_blocked, id=10116, stack(0x0000000028dd0000,0x0000000028ed0000)]
  0x000000001f8f4000 JavaThread "jar transforms Thread 312" [_thread_blocked, id=13392, stack(0x0000000028cd0000,0x0000000028dd0000)]
  0x000000001f8ef000 JavaThread "jar transforms Thread 311" [_thread_blocked, id=6500, stack(0x0000000028bd0000,0x0000000028cd0000)]
  0x000000001f8f2800 JavaThread "jar transforms Thread 310" [_thread_blocked, id=11468, stack(0x0000000028ad0000,0x0000000028bd0000)]
  0x000000001f8f2000 JavaThread "jar transforms Thread 309" [_thread_blocked, id=12592, stack(0x00000000289d0000,0x0000000028ad0000)]
  0x000000001f8f3800 JavaThread "jar transforms Thread 308" [_thread_blocked, id=9584, stack(0x00000000288d0000,0x00000000289d0000)]
  0x000000001f8f0800 JavaThread "jar transforms Thread 307" [_thread_blocked, id=12968, stack(0x00000000287d0000,0x00000000288d0000)]
  0x000000001f8ef800 JavaThread "jar transforms Thread 306" [_thread_blocked, id=1300, stack(0x00000000286d0000,0x00000000287d0000)]
  0x000000001f8ee000 JavaThread "jar transforms Thread 305" [_thread_blocked, id=13808, stack(0x00000000285d0000,0x00000000286d0000)]
  0x000000001f8f1000 JavaThread "jar transforms Thread 304" [_thread_blocked, id=10668, stack(0x00000000284d0000,0x00000000285d0000)]
  0x000000001f8f5000 JavaThread "jar transforms Thread 303" [_thread_blocked, id=7828, stack(0x00000000283d0000,0x00000000284d0000)]
  0x000000001f8ed800 JavaThread "jar transforms Thread 302" [_thread_blocked, id=11160, stack(0x00000000282d0000,0x00000000283d0000)]
  0x000000001f8e7800 JavaThread "jar transforms Thread 301" [_thread_blocked, id=13844, stack(0x00000000281d0000,0x00000000282d0000)]
  0x000000001f8e6800 JavaThread "jar transforms Thread 300" [_thread_blocked, id=9332, stack(0x00000000280d0000,0x00000000281d0000)]
  0x000000001f8e6000 JavaThread "jar transforms Thread 299" [_thread_blocked, id=3020, stack(0x0000000027fd0000,0x00000000280d0000)]
  0x000000001f8ec800 JavaThread "jar transforms Thread 298" [_thread_blocked, id=7380, stack(0x0000000027ed0000,0x0000000027fd0000)]
  0x000000001f8ea800 JavaThread "jar transforms Thread 297" [_thread_blocked, id=8376, stack(0x0000000027dd0000,0x0000000027ed0000)]
  0x000000001f8eb000 JavaThread "jar transforms Thread 296" [_thread_blocked, id=5020, stack(0x0000000027cd0000,0x0000000027dd0000)]
  0x000000001f8e9000 JavaThread "jar transforms Thread 295" [_thread_blocked, id=13500, stack(0x0000000027bd0000,0x0000000027cd0000)]
  0x000000001f8e8000 JavaThread "jar transforms Thread 294" [_thread_blocked, id=12992, stack(0x0000000027ad0000,0x0000000027bd0000)]
  0x000000001f8e9800 JavaThread "jar transforms Thread 293" [_thread_blocked, id=9676, stack(0x00000000279d0000,0x0000000027ad0000)]
  0x000000001f8ec000 JavaThread "jar transforms Thread 292" [_thread_blocked, id=7716, stack(0x00000000278d0000,0x00000000279d0000)]
  0x000000001eaff000 JavaThread "jar transforms Thread 291" [_thread_blocked, id=9756, stack(0x00000000277d0000,0x00000000278d0000)]
  0x000000001eafc000 JavaThread "jar transforms Thread 290" [_thread_blocked, id=12852, stack(0x00000000276d0000,0x00000000277d0000)]
  0x000000001eafb000 JavaThread "jar transforms Thread 289" [_thread_blocked, id=3612, stack(0x00000000275d0000,0x00000000276d0000)]
  0x000000001eaff800 JavaThread "jar transforms Thread 288" [_thread_blocked, id=12948, stack(0x00000000274d0000,0x00000000275d0000)]
  0x000000001eafe000 JavaThread "jar transforms Thread 287" [_thread_blocked, id=13568, stack(0x00000000273d0000,0x00000000274d0000)]
  0x000000001eafa800 JavaThread "jar transforms Thread 286" [_thread_blocked, id=9312, stack(0x00000000272d0000,0x00000000273d0000)]
  0x000000001eaf9800 JavaThread "jar transforms Thread 285" [_thread_blocked, id=9448, stack(0x00000000271d0000,0x00000000272d0000)]
  0x000000001eafd800 JavaThread "jar transforms Thread 284" [_thread_blocked, id=13656, stack(0x00000000270d0000,0x00000000271d0000)]
  0x000000001eafc800 JavaThread "jar transforms Thread 283" [_thread_blocked, id=11048, stack(0x0000000026fd0000,0x00000000270d0000)]
  0x000000001eaf2000 JavaThread "jar transforms Thread 282" [_thread_blocked, id=12824, stack(0x0000000026ed0000,0x0000000026fd0000)]
  0x000000001eaf5000 JavaThread "jar transforms Thread 281" [_thread_blocked, id=14308, stack(0x0000000026dd0000,0x0000000026ed0000)]
  0x000000001eaf3000 JavaThread "jar transforms Thread 280" [_thread_blocked, id=4900, stack(0x0000000026cd0000,0x0000000026dd0000)]
  0x000000001eaf9000 JavaThread "jar transforms Thread 279" [_thread_blocked, id=7996, stack(0x0000000026bd0000,0x0000000026cd0000)]
  0x000000001eaf7800 JavaThread "jar transforms Thread 278" [_thread_blocked, id=9844, stack(0x0000000026ad0000,0x0000000026bd0000)]
  0x000000001eaf6800 JavaThread "jar transforms Thread 277" [_thread_blocked, id=13216, stack(0x00000000269d0000,0x0000000026ad0000)]
  0x000000001eaf1800 JavaThread "jar transforms Thread 276" [_thread_blocked, id=8088, stack(0x00000000268d0000,0x00000000269d0000)]
  0x000000001eaf4800 JavaThread "jar transforms Thread 275" [_thread_blocked, id=6452, stack(0x00000000267d0000,0x00000000268d0000)]
  0x000000001eaf8000 JavaThread "jar transforms Thread 274" [_thread_blocked, id=4348, stack(0x00000000266d0000,0x00000000267d0000)]
  0x000000001eaf0800 JavaThread "jar transforms Thread 273" [_thread_blocked, id=4836, stack(0x00000000265d0000,0x00000000266d0000)]
  0x000000001eaf6000 JavaThread "jar transforms Thread 272" [_thread_blocked, id=14068, stack(0x00000000264d0000,0x00000000265d0000)]
  0x000000001eaf3800 JavaThread "jar transforms Thread 271" [_thread_blocked, id=11004, stack(0x00000000263d0000,0x00000000264d0000)]
  0x000000001ad6b000 JavaThread "jar transforms Thread 270" [_thread_blocked, id=812, stack(0x00000000262d0000,0x00000000263d0000)]
  0x000000001ad6a800 JavaThread "jar transforms Thread 269" [_thread_blocked, id=6196, stack(0x00000000261d0000,0x00000000262d0000)]
  0x000000001ad6c000 JavaThread "jar transforms Thread 268" [_thread_blocked, id=8880, stack(0x00000000260d0000,0x00000000261d0000)]
  0x000000001ad69800 JavaThread "jar transforms Thread 267" [_thread_blocked, id=4804, stack(0x0000000025fd0000,0x00000000260d0000)]
  0x000000001ad70800 JavaThread "jar transforms Thread 266" [_thread_blocked, id=11280, stack(0x0000000025ed0000,0x0000000025fd0000)]
  0x000000001ad6f800 JavaThread "jar transforms Thread 265" [_thread_blocked, id=2392, stack(0x0000000025dd0000,0x0000000025ed0000)]
  0x000000001ad6f000 JavaThread "jar transforms Thread 264" [_thread_blocked, id=9352, stack(0x0000000025cd0000,0x0000000025dd0000)]
  0x000000001ad6e000 JavaThread "jar transforms Thread 263" [_thread_blocked, id=12880, stack(0x0000000025bd0000,0x0000000025cd0000)]
  0x000000001f820800 JavaThread "jar transforms Thread 262" [_thread_blocked, id=10992, stack(0x0000000025ad0000,0x0000000025bd0000)]
  0x000000001f820000 JavaThread "jar transforms Thread 261" [_thread_blocked, id=5980, stack(0x00000000259d0000,0x0000000025ad0000)]
  0x000000001f821800 JavaThread "jar transforms Thread 260" [_thread_blocked, id=8008, stack(0x00000000258d0000,0x00000000259d0000)]
  0x000000001f81f000 JavaThread "jar transforms Thread 259" [_thread_blocked, id=13480, stack(0x00000000257d0000,0x00000000258d0000)]
  0x000000001f81e800 JavaThread "jar transforms Thread 258" [_thread_blocked, id=8412, stack(0x00000000256d0000,0x00000000257d0000)]
  0x000000001f817000 JavaThread "jar transforms Thread 257" [_thread_blocked, id=3260, stack(0x00000000255d0000,0x00000000256d0000)]
  0x000000001f81d800 JavaThread "jar transforms Thread 256" [_thread_blocked, id=10004, stack(0x00000000254d0000,0x00000000255d0000)]
  0x000000001f81d000 JavaThread "jar transforms Thread 255" [_thread_blocked, id=10400, stack(0x00000000253d0000,0x00000000254d0000)]
  0x000000001f815800 JavaThread "jar transforms Thread 254" [_thread_blocked, id=13468, stack(0x00000000252d0000,0x00000000253d0000)]
  0x000000001f818800 JavaThread "jar transforms Thread 253" [_thread_blocked, id=10248, stack(0x00000000251d0000,0x00000000252d0000)]
  0x000000001f81c000 JavaThread "jar transforms Thread 252" [_thread_blocked, id=6288, stack(0x00000000250d0000,0x00000000251d0000)]
  0x000000001f81b800 JavaThread "jar transforms Thread 251" [_thread_blocked, id=8648, stack(0x0000000024fd0000,0x00000000250d0000)]
  0x000000001f814800 JavaThread "jar transforms Thread 250" [_thread_blocked, id=13928, stack(0x00000000235e0000,0x00000000236e0000)]
  0x000000001f814000 JavaThread "jar transforms Thread 249" [_thread_blocked, id=8236, stack(0x00000000230c0000,0x00000000231c0000)]
  0x000000001f816000 JavaThread "jar transforms Thread 248" [_thread_blocked, id=5388, stack(0x00000000227c0000,0x00000000228c0000)]
  0x000000001df56800 JavaThread "jar transforms Thread 247" [_thread_blocked, id=8616, stack(0x00000000226c0000,0x00000000227c0000)]
  0x000000001df57800 JavaThread "jar transforms Thread 246" [_thread_blocked, id=5128, stack(0x00000000225c0000,0x00000000226c0000)]
  0x000000001df56000 JavaThread "jar transforms Thread 245" [_thread_blocked, id=2620, stack(0x00000000222c0000,0x00000000223c0000)]
  0x000000001df54800 JavaThread "jar transforms Thread 244" [_thread_blocked, id=3496, stack(0x00000000221c0000,0x00000000222c0000)]
  0x000000001df55000 JavaThread "jar transforms Thread 243" [_thread_blocked, id=4568, stack(0x00000000220c0000,0x00000000221c0000)]
  0x000000001df4d000 JavaThread "jar transforms Thread 242" [_thread_blocked, id=9796, stack(0x0000000021fc0000,0x00000000220c0000)]
  0x000000001df53800 JavaThread "jar transforms Thread 241" [_thread_blocked, id=8612, stack(0x0000000021ec0000,0x0000000021fc0000)]
  0x000000001df53000 JavaThread "jar transforms Thread 240" [_thread_blocked, id=12548, stack(0x0000000021dc0000,0x0000000021ec0000)]
  0x000000001df4b800 JavaThread "jar transforms Thread 239" [_thread_blocked, id=4144, stack(0x0000000021bc0000,0x0000000021cc0000)]
  0x000000001df51800 JavaThread "jar transforms Thread 238" [_thread_blocked, id=11372, stack(0x0000000021ac0000,0x0000000021bc0000)]
  0x000000001df50800 JavaThread "jar transforms Thread 237" [_thread_blocked, id=12428, stack(0x00000000219c0000,0x0000000021ac0000)]
  0x000000001df50000 JavaThread "jar transforms Thread 236" [_thread_blocked, id=8084, stack(0x00000000218c0000,0x00000000219c0000)]
  0x000000001df52000 JavaThread "jar transforms Thread 235" [_thread_blocked, id=8644, stack(0x00000000217c0000,0x00000000218c0000)]
  0x000000001df4d800 JavaThread "jar transforms Thread 234" [_thread_blocked, id=7548, stack(0x00000000216c0000,0x00000000217c0000)]
  0x000000001df48800 JavaThread "jar transforms Thread 233" [_thread_blocked, id=11564, stack(0x00000000215c0000,0x00000000216c0000)]
  0x000000001df4a000 JavaThread "jar transforms Thread 232" [_thread_blocked, id=10464, stack(0x00000000214c0000,0x00000000215c0000)]
  0x000000001df4e800 JavaThread "jar transforms Thread 231" [_thread_blocked, id=9840, stack(0x00000000213c0000,0x00000000214c0000)]
  0x000000001df4f000 JavaThread "jar transforms Thread 230" [_thread_blocked, id=6120, stack(0x00000000212c0000,0x00000000213c0000)]
  0x000000001a4c9000 JavaThread "jar transforms Thread 229" [_thread_blocked, id=12828, stack(0x00000000211c0000,0x00000000212c0000)]
  0x000000001a4cc800 JavaThread "jar transforms Thread 228" [_thread_blocked, id=5144, stack(0x00000000210c0000,0x00000000211c0000)]
  0x000000001a4cd800 JavaThread "jar transforms Thread 227" [_thread_blocked, id=8488, stack(0x0000000020fc0000,0x00000000210c0000)]
  0x000000001a4c3800 JavaThread "Build operations Thread 4" [_thread_in_native, id=10744, stack(0x0000000020ec0000,0x0000000020fc0000)]
  0x000000001a4c5000 JavaThread "Build operations Thread 3" [_thread_in_Java, id=4840, stack(0x0000000020dc0000,0x0000000020ec0000)]
  0x000000001a4c8000 JavaThread "Build operations Thread 2" [_thread_in_Java, id=6616, stack(0x0000000020cc0000,0x0000000020dc0000)]
  0x000000001a4c7800 JavaThread "Build operations" [_thread_in_native, id=11880, stack(0x0000000020bc0000,0x0000000020cc0000)]
  0x000000001a4c9800 JavaThread "Cache worker for cache directory md-rule (C:\Users\Admin\.gradle\caches\6.5\md-rule)" [_thread_blocked, id=11344, stack(0x0000000020ac0000,0x0000000020bc0000)]
  0x000000001a4c3000 JavaThread "Cache worker for cache directory md-supplier (C:\Users\Admin\.gradle\caches\6.5\md-supplier)" [_thread_blocked, id=4956, stack(0x000000001f910000,0x000000001fa10000)]
  0x000000001a4c6000 JavaThread "Cache worker for checksums cache (C:\Users\Admin\AndroidStudioProjects\PerfectMovie\.gradle\checksums)" [_thread_blocked, id=9380, stack(0x000000001e7a0000,0x000000001e8a0000)]
  0x000000001a4c1800 JavaThread "Cache worker for file hash cache (C:\Users\Admin\AndroidStudioProjects\PerfectMovie\.gradle\6.5\fileHashes)" [_thread_blocked, id=13156, stack(0x000000001cdd0000,0x000000001ced0000)]
  0x000000001a4c0800 JavaThread "Thread-277" [_thread_blocked, id=1164, stack(0x000000001ccd0000,0x000000001cdd0000)]
  0x000000001a4c4800 JavaThread "Stdin handler" [_thread_blocked, id=7304, stack(0x000000001cbd0000,0x000000001ccd0000)]
  0x000000001a4c6800 JavaThread "Asynchronous log dispatcher for DefaultDaemonConnection: socket connection from /127.0.0.1:60882 to /127.0.0.1:55630" [_thread_blocked, id=9256, stack(0x000000001cad0000,0x000000001cbd0000)]
  0x000000001a4be800 JavaThread "Daemon worker Thread 2" [_thread_blocked, id=5552, stack(0x000000001c7d0000,0x000000001c8d0000)]
  0x000000001a4c0000 JavaThread "Cancel handler" [_thread_blocked, id=10244, stack(0x000000001c180000,0x000000001c280000)]
  0x000000001a4bf000 JavaThread "Handler for socket connection from /127.0.0.1:60882 to /127.0.0.1:55630" [_thread_in_native, id=8632, stack(0x000000001c080000,0x000000001c180000)]
  0x000000001a4c2000 JavaThread "Daemon Thread 2" [_thread_blocked, id=8864, stack(0x0000000002420000,0x0000000002520000)]
  0x000000001a4ca800 JavaThread "Memory manager" [_thread_blocked, id=9104, stack(0x000000002bdd0000,0x000000002bed0000)]
  0x000000001f813000 JavaThread "Cache worker for file content cache (C:\Users\Admin\.gradle\caches\6.5\fileContent)" [_thread_blocked, id=5604, stack(0x0000000022fc0000,0x00000000230c0000)]
  0x000000001f819000 JavaThread "Cache worker for execution history cache (C:\Users\Admin\.gradle\caches\6.5\executionHistory)" [_thread_blocked, id=5820, stack(0x0000000022ac0000,0x0000000022bc0000)]
  0x000000001ad6d800 JavaThread "Cache worker for file hash cache (C:\Users\Admin\.gradle\caches\6.5\fileHashes)" [_thread_blocked, id=3384, stack(0x000000001d2d0000,0x000000001d3d0000)]
  0x000000001ad6c800 JavaThread "File lock request listener" [_thread_in_native, id=1828, stack(0x000000001d1d0000,0x000000001d2d0000)]
  0x000000001b032000 JavaThread "Cache worker for journal cache (C:\Users\Admin\.gradle\caches\journal-1)" [_thread_blocked, id=8800, stack(0x000000001d0d0000,0x000000001d1d0000)]
  0x000000001ac71800 JavaThread "Daemon periodic checks" [_thread_blocked, id=3628, stack(0x000000001c4d0000,0x000000001c5d0000)]
  0x000000001ac6b000 JavaThread "Incoming local TCP Connector on port 60882" [_thread_in_native, id=10916, stack(0x000000001c280000,0x000000001c380000)]
  0x000000001a8ec800 JavaThread "Daemon health stats" [_thread_blocked, id=12628, stack(0x000000001bc40000,0x000000001bd40000)]
  0x0000000018cd2800 JavaThread "Service Thread" daemon [_thread_blocked, id=9184, stack(0x00000000190a0000,0x00000000191a0000)]
  0x0000000017375000 JavaThread "C1 CompilerThread2" daemon [_thread_blocked, id=12700, stack(0x0000000018ba0000,0x0000000018ca0000)]
=>0x000000001735a800 JavaThread "C2 CompilerThread1" daemon [_thread_in_native, id=7808, stack(0x0000000018aa0000,0x0000000018ba0000)]
  0x0000000017346800 JavaThread "C2 CompilerThread0" daemon [_thread_in_native, id=224, stack(0x00000000189a0000,0x0000000018aa0000)]
  0x0000000017344800 JavaThread "Attach Listener" daemon [_thread_blocked, id=8264, stack(0x00000000188a0000,0x00000000189a0000)]
  0x0000000017343000 JavaThread "Signal Dispatcher" daemon [_thread_blocked, id=1616, stack(0x00000000187a0000,0x00000000188a0000)]
  0x000000000271a000 JavaThread "Finalizer" daemon [_thread_blocked, id=13544, stack(0x0000000018590000,0x0000000018690000)]
  0x0000000002711000 JavaThread "Reference Handler" daemon [_thread_blocked, id=13076, stack(0x0000000018490000,0x0000000018590000)]
  0x0000000000b9d800 JavaThread "main" [_thread_blocked, id=11364, stack(0x0000000002520000,0x0000000002620000)]

Other Threads:
  0x0000000017306800 VMThread [stack: 0x0000000018390000,0x0000000018490000] [id=7504]
  0x0000000018cd3000 WatcherThread [stack: 0x00000000191a0000,0x00000000192a0000] [id=12328]

VM state:not at safepoint (normal execution)

VM Mutex/Monitor currently owned by a thread: None

heap address: 0x0000000080000000, size: 2048 MB, Compressed Oops mode: 32-bit
Narrow klass base: 0x0000000000000000, Narrow klass shift: 3
Compressed class space size: 1073741824 Address: 0x0000000100000000

Heap:
 PSYoungGen      total 422400K, used 216536K [0x00000000d5580000, 0x00000000f4680000, 0x0000000100000000)
  eden space 378368K, 45% used [0x00000000d5580000,0x00000000dfdfb268,0x00000000ec700000)
  from space 44032K, 99% used [0x00000000efd00000,0x00000000f27fada8,0x00000000f2800000)
  to   space 55296K, 0% used [0x00000000ec700000,0x00000000ec700000,0x00000000efd00000)
 ParOldGen       total 181248K, used 109470K [0x0000000080000000, 0x000000008b100000, 0x00000000d5580000)
  object space 181248K, 60% used [0x0000000080000000,0x0000000086ae7a98,0x000000008b100000)
 Metaspace       used 113815K, capacity 120470K, committed 120652K, reserved 1155072K
  class space    used 14643K, capacity 15885K, committed 16000K, reserved 1048576K

Card table byte_map: [0x0000000011ae0000,0x0000000011ef0000] byte_map_base: 0x00000000116e0000

Marking Bits: (ParMarkBitMap*) 0x000000005fe7f030
 Begin Bits: [0x00000000125a0000, 0x00000000145a0000)
 End Bits:   [0x00000000145a0000, 0x00000000165a0000)

Polling page: 0x0000000000b50000

CodeCache: size=245760Kb used=66114Kb max_used=66114Kb free=179646Kb
 bounds [0x0000000002720000, 0x0000000006800000, 0x0000000011720000]
 total_blobs=19586 nmethods=18546 adapters=951
 compilation: enabled

Compilation events (10 events):
Event: 1154.683 Thread 0x0000000017375000 22293       2       com.android.tools.r8.utils.n0::hasNext (13 bytes)
Event: 1154.683 Thread 0x0000000017375000 nmethod 22293 0x00000000067f3950 code [0x00000000067f3aa0, 0x00000000067f3c10]
Event: 1154.683 Thread 0x0000000017375000 22294       2       com.android.tools.r8.utils.n0::next (27 bytes)
Event: 1154.684 Thread 0x0000000017375000 nmethod 22294 0x00000000067f3c90 code [0x00000000067f3e00, 0x00000000067f4058]
Event: 1154.690 Thread 0x0000000017375000 22295       2       com.android.tools.r8.z.a.a.h::a (18 bytes)
Event: 1154.690 Thread 0x0000000017375000 nmethod 22295 0x00000000067f4190 code [0x00000000067f4300, 0x00000000067f4488]
Event: 1154.709 Thread 0x0000000017375000 22297       2       com.android.tools.r8.z.a.a.h::a (23 bytes)
Event: 1154.709 Thread 0x0000000017375000 nmethod 22297 0x00000000067f4510 code [0x00000000067f4680, 0x00000000067f4808]
Event: 1154.709 Thread 0x0000000017375000 22298       2       com.android.tools.r8.z.a.a.h::a (16 bytes)
Event: 1154.710 Thread 0x0000000017375000 nmethod 22298 0x00000000067f48d0 code [0x00000000067f4a40, 0x00000000067f4bc8]

GC Heap History (10 events):
Event: 126.803 GC heap before
{Heap before GC invocations=20 (full 4):
 PSYoungGen      total 281600K, used 258048K [0x00000000d5580000, 0x00000000ed700000, 0x0000000100000000)
  eden space 258048K, 100% used [0x00000000d5580000,0x00000000e5180000,0x00000000e5180000)
  from space 23552K, 0% used [0x00000000e5180000,0x00000000e5180000,0x00000000e6880000)
  to   space 31232K, 0% used [0x00000000eb880000,0x00000000eb880000,0x00000000ed700000)
 ParOldGen       total 181248K, used 72223K [0x0000000080000000, 0x000000008b100000, 0x00000000d5580000)
  object space 181248K, 39% used [0x0000000080000000,0x0000000084687c60,0x000000008b100000)
 Metaspace       used 97004K, capacity 101710K, committed 101964K, reserved 1138688K
  class space    used 12635K, capacity 13633K, committed 13696K, reserved 1048576K
Event: 126.839 GC heap after
Heap after GC invocations=20 (full 4):
 PSYoungGen      total 333824K, used 16309K [0x00000000d5580000, 0x00000000ec880000, 0x0000000100000000)
  eden space 317440K, 0% used [0x00000000d5580000,0x00000000d5580000,0x00000000e8b80000)
  from space 16384K, 99% used [0x00000000eb880000,0x00000000ec86d4d8,0x00000000ec880000)
  to   space 30720K, 0% used [0x00000000e8c80000,0x00000000e8c80000,0x00000000eaa80000)
 ParOldGen       total 181248K, used 72231K [0x0000000080000000, 0x000000008b100000, 0x00000000d5580000)
  object space 181248K, 39% used [0x0000000080000000,0x0000000084689c60,0x000000008b100000)
 Metaspace       used 97004K, capacity 101710K, committed 101964K, reserved 1138688K
  class space    used 12635K, capacity 13633K, committed 13696K, reserved 1048576K
}
Event: 136.653 GC heap before
{Heap before GC invocations=21 (full 4):
 PSYoungGen      total 333824K, used 333749K [0x00000000d5580000, 0x00000000ec880000, 0x0000000100000000)
  eden space 317440K, 100% used [0x00000000d5580000,0x00000000e8b80000,0x00000000e8b80000)
  from space 16384K, 99% used [0x00000000eb880000,0x00000000ec86d4d8,0x00000000ec880000)
  to   space 30720K, 0% used [0x00000000e8c80000,0x00000000e8c80000,0x00000000eaa80000)
 ParOldGen       total 181248K, used 72231K [0x0000000080000000, 0x000000008b100000, 0x00000000d5580000)
  object space 181248K, 39% used [0x0000000080000000,0x0000000084689c60,0x000000008b100000)
 Metaspace       used 97328K, capacity 101948K, committed 102220K, reserved 1138688K
  class space    used 12638K, capacity 13638K, committed 13696K, reserved 1048576K
Event: 136.686 GC heap after
Heap after GC invocations=21 (full 4):
 PSYoungGen      total 349184K, used 15690K [0x00000000d5580000, 0x00000000ef000000, 0x0000000100000000)
  eden space 318464K, 0% used [0x00000000d5580000,0x00000000d5580000,0x00000000e8c80000)
  from space 30720K, 51% used [0x00000000e8c80000,0x00000000e9bd2940,0x00000000eaa80000)
  to   space 30208K, 0% used [0x00000000ed280000,0x00000000ed280000,0x00000000ef000000)
 ParOldGen       total 181248K, used 72239K [0x0000000080000000, 0x000000008b100000, 0x00000000d5580000)
  object space 181248K, 39% used [0x0000000080000000,0x000000008468bc60,0x000000008b100000)
 Metaspace       used 97328K, capacity 101948K, committed 102220K, reserved 1138688K
  class space    used 12638K, capacity 13638K, committed 13696K, reserved 1048576K
}
Event: 1128.822 GC heap before
{Heap before GC invocations=22 (full 4):
 PSYoungGen      total 349184K, used 334154K [0x00000000d5580000, 0x00000000ef000000, 0x0000000100000000)
  eden space 318464K, 100% used [0x00000000d5580000,0x00000000e8c80000,0x00000000e8c80000)
  from space 30720K, 51% used [0x00000000e8c80000,0x00000000e9bd2940,0x00000000eaa80000)
  to   space 30208K, 0% used [0x00000000ed280000,0x00000000ed280000,0x00000000ef000000)
 ParOldGen       total 181248K, used 72239K [0x0000000080000000, 0x000000008b100000, 0x00000000d5580000)
  object space 181248K, 39% used [0x0000000080000000,0x000000008468bc60,0x000000008b100000)
 Metaspace       used 102757K, capacity 107722K, committed 107980K, reserved 1142784K
  class space    used 13204K, capacity 14257K, committed 14336K, reserved 1048576K
Event: 1128.995 GC heap after
Heap after GC invocations=22 (full 4):
 PSYoungGen      total 379904K, used 30199K [0x00000000d5580000, 0x00000000efe00000, 0x0000000100000000)
  eden space 349696K, 0% used [0x00000000d5580000,0x00000000d5580000,0x00000000eab00000)
  from space 30208K, 99% used [0x00000000ed280000,0x00000000eeffdc88,0x00000000ef000000)
  to   space 40448K, 0% used [0x00000000eab00000,0x00000000eab00000,0x00000000ed280000)
 ParOldGen       total 181248K, used 87378K [0x0000000080000000, 0x000000008b100000, 0x00000000d5580000)
  object space 181248K, 48% used [0x0000000080000000,0x0000000085554a80,0x000000008b100000)
 Metaspace       used 102757K, capacity 107722K, committed 107980K, reserved 1142784K
  class space    used 13204K, capacity 14257K, committed 14336K, reserved 1048576K
}
Event: 1142.712 GC heap before
{Heap before GC invocations=23 (full 4):
 PSYoungGen      total 379904K, used 379895K [0x00000000d5580000, 0x00000000efe00000, 0x0000000100000000)
  eden space 349696K, 100% used [0x00000000d5580000,0x00000000eab00000,0x00000000eab00000)
  from space 30208K, 99% used [0x00000000ed280000,0x00000000eeffdc88,0x00000000ef000000)
  to   space 40448K, 0% used [0x00000000eab00000,0x00000000eab00000,0x00000000ed280000)
 ParOldGen       total 181248K, used 87378K [0x0000000080000000, 0x000000008b100000, 0x00000000d5580000)
  object space 181248K, 48% used [0x0000000080000000,0x0000000085554a80,0x000000008b100000)
 Metaspace       used 105301K, capacity 110530K, committed 110668K, reserved 1144832K
  class space    used 13511K, capacity 14593K, committed 14720K, reserved 1048576K
Event: 1142.846 GC heap after
Heap after GC invocations=23 (full 4):
 PSYoungGen      total 390144K, used 32876K [0x00000000d5580000, 0x00000000f2800000, 0x0000000100000000)
  eden space 349696K, 0% used [0x00000000d5580000,0x00000000d5580000,0x00000000eab00000)
  from space 40448K, 81% used [0x00000000eab00000,0x00000000ecb1b360,0x00000000ed280000)
  to   space 44032K, 0% used [0x00000000efd00000,0x00000000efd00000,0x00000000f2800000)
 ParOldGen       total 181248K, used 96947K [0x0000000080000000, 0x000000008b100000, 0x00000000d5580000)
  object space 181248K, 53% used [0x0000000080000000,0x0000000085eacda8,0x000000008b100000)
 Metaspace       used 105301K, capacity 110530K, committed 110668K, reserved 1144832K
  class space    used 13511K, capacity 14593K, committed 14720K, reserved 1048576K
}
Event: 1152.835 GC heap before
{Heap before GC invocations=24 (full 4):
 PSYoungGen      total 390144K, used 382572K [0x00000000d5580000, 0x00000000f2800000, 0x0000000100000000)
  eden space 349696K, 100% used [0x00000000d5580000,0x00000000eab00000,0x00000000eab00000)
  from space 40448K, 81% used [0x00000000eab00000,0x00000000ecb1b360,0x00000000ed280000)
  to   space 44032K, 0% used [0x00000000efd00000,0x00000000efd00000,0x00000000f2800000)
 ParOldGen       total 181248K, used 96947K [0x0000000080000000, 0x000000008b100000, 0x00000000d5580000)
  object space 181248K, 53% used [0x0000000080000000,0x0000000085eacda8,0x000000008b100000)
 Metaspace       used 113686K, capacity 120320K, committed 120652K, reserved 1155072K
  class space    used 14642K, capacity 15882K, committed 16000K, reserved 1048576K
Event: 1153.040 GC heap after
Heap after GC invocations=24 (full 4):
 PSYoungGen      total 422400K, used 44011K [0x00000000d5580000, 0x00000000f4680000, 0x0000000100000000)
  eden space 378368K, 0% used [0x00000000d5580000,0x00000000d5580000,0x00000000ec700000)
  from space 44032K, 99% used [0x00000000efd00000,0x00000000f27fada8,0x00000000f2800000)
  to   space 55296K, 0% used [0x00000000ec700000,0x00000000ec700000,0x00000000efd00000)
 ParOldGen       total 181248K, used 109470K [0x0000000080000000, 0x000000008b100000, 0x00000000d5580000)
  object space 181248K, 60% used [0x0000000080000000,0x0000000086ae7a98,0x000000008b100000)
 Metaspace       used 113686K, capacity 120320K, committed 120652K, reserved 1155072K
  class space    used 14642K, capacity 15882K, committed 16000K, reserved 1048576K
}

Deoptimization events (10 events):
Event: 1153.058 Thread 0x000000001a4c5000 Uncommon trap: reason=unstable_if action=reinterpret pc=0x00000000063307f0 method=com.android.tools.r8.ir.conversion.o.b(Lcom/android/tools/r8/p/n/A;)Z @ 18
Event: 1153.152 Thread 0x000000001a4c5000 Uncommon trap: reason=unstable_if action=reinterpret pc=0x0000000006351500 method=com.android.tools.r8.q.a.a.b.u0.b(I[Ljava/lang/Object;)Lcom/android/tools/r8/q/a/a/b/u0; @ 179
Event: 1153.185 Thread 0x000000001a4c5000 Uncommon trap: reason=unstable_if action=reinterpret pc=0x000000000669d0a4 method=com.android.tools.r8.ir.regalloc.b.compareTo(Ljava/lang/Object;)I @ 87
Event: 1153.556 Thread 0x000000001a4c3800 Uncommon trap: reason=unstable_if action=reinterpret pc=0x00000000062d20b8 method=com.android.tools.r8.z.a.a.f.a(Lcom/android/tools/r8/z/a/a/a;ILjava/lang/String;[C)I @ 30
Event: 1153.556 Thread 0x000000001a4c3800 Uncommon trap: reason=unstable_if action=reinterpret pc=0x0000000005e8b354 method=com.android.tools.r8.utils.Y.d(I)Z @ 45
Event: 1153.894 Thread 0x000000001a4c7800 Uncommon trap: reason=unstable_if action=reinterpret pc=0x0000000005e91ffc method=com.android.tools.r8.utils.T.d(Ljava/lang/String;)[Ljava/lang/String; @ 149
Event: 1153.970 Thread 0x000000001a4c3800 Uncommon trap: reason=unstable_if action=reinterpret pc=0x00000000039306ec method=com.android.tools.r8.ir.optimize.a0.a(Lcom/android/tools/r8/s/b/X;Lcom/android/tools/r8/ir/regalloc/a;)V @ 272
Event: 1153.987 Thread 0x000000001a4c7800 Uncommon trap: reason=unstable_if action=reinterpret pc=0x0000000005f91e04 method=com.android.tools.r8.graph.i0.a([C)I @ 29
Event: 1154.107 Thread 0x000000001a4c7800 Uncommon trap: reason=unstable_if action=reinterpret pc=0x0000000006691960 method=com.android.tools.r8.graph.K.a(IILcom/android/tools/r8/s/b/k0;)V @ 326
Event: 1154.467 Thread 0x000000001a4c5000 Uncommon trap: reason=unstable_if action=reinterpret pc=0x0000000006295850 method=com.android.tools.r8.graph.I0$d.c()V @ 786

Classes redefined (0 events):
No events

Internal exceptions (10 events):
Event: 1152.557 Thread 0x000000001a4c3800 Exception <a 'sun/nio/fs/WindowsException'> (0x00000000ea343530) thrown at [C:\src\AOSP-openjdk-git\hotspot\src\share\vm\prims\jni.cpp, line 710]
Event: 1153.207 Thread 0x000000001a4c7800 Exception <a 'sun/nio/fs/WindowsException'> (0x00000000d607b008) thrown at [C:\src\AOSP-openjdk-git\hotspot\src\share\vm\prims\jni.cpp, line 710]
Event: 1153.240 Thread 0x000000001a4c8000 Exception <a 'sun/nio/fs/WindowsException'> (0x00000000d661bb70) thrown at [C:\src\AOSP-openjdk-git\hotspot\src\share\vm\prims\jni.cpp, line 710]
Event: 1153.332 Thread 0x000000001a4c5000 Exception <a 'sun/nio/fs/WindowsException'> (0x00000000d6786058) thrown at [C:\src\AOSP-openjdk-git\hotspot\src\share\vm\prims\jni.cpp, line 710]
Event: 1153.550 Thread 0x000000001a4c3800 Exception <a 'sun/nio/fs/WindowsException'> (0x00000000d700a728) thrown at [C:\src\AOSP-openjdk-git\hotspot\src\share\vm\prims\jni.cpp, line 710]
Event: 1153.796 Thread 0x000000001a4c7800 Exception <a 'sun/nio/fs/WindowsException'> (0x00000000d9153640) thrown at [C:\src\AOSP-openjdk-git\hotspot\src\share\vm\prims\jni.cpp, line 710]
Event: 1154.090 Thread 0x000000001a4c3800 Exception <a 'sun/nio/fs/WindowsException'> (0x00000000db806510) thrown at [C:\src\AOSP-openjdk-git\hotspot\src\share\vm\prims\jni.cpp, line 710]
Event: 1154.202 Thread 0x000000001a4c8000 Exception <a 'sun/nio/fs/WindowsException'> (0x00000000dc4e8078) thrown at [C:\src\AOSP-openjdk-git\hotspot\src\share\vm\prims\jni.cpp, line 710]
Event: 1154.267 Thread 0x000000001a4c5000 Exception <a 'sun/nio/fs/WindowsException'> (0x00000000dcc19988) thrown at [C:\src\AOSP-openjdk-git\hotspot\src\share\vm\prims\jni.cpp, line 710]
Event: 1154.432 Thread 0x000000001a4c7800 Exception <a 'sun/nio/fs/WindowsException'> (0x00000000ddca2470) thrown at [C:\src\AOSP-openjdk-git\hotspot\src\share\vm\prims\jni.cpp, line 710]

Events (10 events):
Event: 1154.107 Thread 0x000000001a4c7800 DEOPT UNPACKING pc=0x000000000276557b sp=0x0000000020cb9f18 mode 2
Event: 1154.280 Thread 0x000000001a4c5000 DEOPT PACKING pc=0x0000000005eb6b93 sp=0x0000000020eba5a0
Event: 1154.280 Thread 0x000000001a4c5000 DEOPT UNPACKING pc=0x00000000027675d0 sp=0x0000000020eba6a0 mode 0
Event: 1154.466 loading class com/android/tools/r8/graph/I0$d
Event: 1154.466 loading class com/android/tools/r8/graph/I0$d done
Event: 1154.467 Thread 0x000000001a4c5000 Uncommon trap: trap_request=0xffffff65 fr.pc=0x0000000006295850
Event: 1154.467 Thread 0x000000001a4c5000 DEOPT PACKING pc=0x0000000006295850 sp=0x0000000020eba510
Event: 1154.467 Thread 0x000000001a4c5000 DEOPT UNPACKING pc=0x000000000276557b sp=0x0000000020eba4b0 mode 2
Event: 1154.598 Thread 0x000000001a4c5000 DEOPT PACKING pc=0x0000000005eb68b8 sp=0x0000000020eba5a0
Event: 1154.598 Thread 0x000000001a4c5000 DEOPT UNPACKING pc=0x00000000027675d0 sp=0x0000000020eba6a0 mode 0


Dynamic libraries:
0x00007ff73c2e0000 - 0x00007ff73c311000 	C:\Android Studio\jre\bin\java.exe
0x00007ffbaa450000 - 0x00007ffbaa644000 	C:\WINDOWS\SYSTEM32\ntdll.dll
0x00007ffba8d50000 - 0x00007ffba8e0d000 	C:\WINDOWS\System32\KERNEL32.DLL
0x00007ffba7c70000 - 0x00007ffba7f37000 	C:\WINDOWS\System32\KERNELBASE.dll
0x00007ffba8e10000 - 0x00007ffba8eba000 	C:\WINDOWS\System32\ADVAPI32.dll
0x00007ffba84c0000 - 0x00007ffba855e000 	C:\WINDOWS\System32\msvcrt.dll
0x00007ffbaa2b0000 - 0x00007ffbaa34b000 	C:\WINDOWS\System32\sechost.dll
0x00007ffba8c20000 - 0x00007ffba8d43000 	C:\WINDOWS\System32\RPCRT4.dll
0x00007ffba8fa0000 - 0x00007ffba9140000 	C:\WINDOWS\System32\USER32.dll
0x00007ffba7ba0000 - 0x00007ffba7bc2000 	C:\WINDOWS\System32\win32u.dll
0x00007ffba8560000 - 0x00007ffba858a000 	C:\WINDOWS\System32\GDI32.dll
0x00007ffba8250000 - 0x00007ffba835a000 	C:\WINDOWS\System32\gdi32full.dll
0x00007ffba7bd0000 - 0x00007ffba7c6d000 	C:\WINDOWS\System32\msvcp_win.dll
0x00007ffba7f40000 - 0x00007ffba8040000 	C:\WINDOWS\System32\ucrtbase.dll
0x00007ffb89740000 - 0x00007ffb899da000 	C:\WINDOWS\WinSxS\amd64_microsoft.windows.common-controls_6595b64144ccf1df_6.0.19041.1_none_b555e41d4684ddec\COMCTL32.dll
0x00007ffba98e0000 - 0x00007ffba9910000 	C:\WINDOWS\System32\IMM32.DLL
0x000000005f5d0000 - 0x000000005f6a2000 	C:\Android Studio\jre\jre\bin\msvcr100.dll
0x000000005f6b0000 - 0x000000005fefb000 	C:\Android Studio\jre\jre\bin\server\jvm.dll
0x00007ffba8670000 - 0x00007ffba8678000 	C:\WINDOWS\System32\PSAPI.DLL
0x00007ffb9e3f0000 - 0x00007ffb9e3fa000 	C:\WINDOWS\SYSTEM32\VERSION.dll
0x00007ffba1070000 - 0x00007ffba1079000 	C:\WINDOWS\SYSTEM32\WSOCK32.dll
0x00007ffb9cf70000 - 0x00007ffb9cf97000 	C:\WINDOWS\SYSTEM32\WINMM.dll
0x00007ffba9910000 - 0x00007ffba997b000 	C:\WINDOWS\System32\ws2_32.DLL
0x00007ffba0fe0000 - 0x00007ffba0fef000 	C:\Android Studio\jre\jre\bin\verify.dll
0x00007ffb8bb50000 - 0x00007ffb8bb79000 	C:\Android Studio\jre\jre\bin\java.dll
0x00007ffb9cb10000 - 0x00007ffb9cb26000 	C:\Android Studio\jre\jre\bin\zip.dll
0x00007ffba9140000 - 0x00007ffba9874000 	C:\WINDOWS\System32\SHELL32.dll
0x00007ffba52d0000 - 0x00007ffba5a5e000 	C:\WINDOWS\SYSTEM32\windows.storage.dll
0x00007ffba9a00000 - 0x00007ffba9d53000 	C:\WINDOWS\System32\combase.dll
0x00007ffba75b0000 - 0x00007ffba75db000 	C:\WINDOWS\SYSTEM32\Wldp.dll
0x00007ffbaa350000 - 0x00007ffbaa3fe000 	C:\WINDOWS\System32\SHCORE.dll
0x00007ffbaa130000 - 0x00007ffbaa185000 	C:\WINDOWS\System32\shlwapi.dll
0x00007ffba7ae0000 - 0x00007ffba7aff000 	C:\WINDOWS\SYSTEM32\profapi.dll
0x00007ffb8d510000 - 0x00007ffb8d52a000 	C:\Android Studio\jre\jre\bin\net.dll
0x00007ffba72d0000 - 0x00007ffba733a000 	C:\WINDOWS\system32\mswsock.dll
0x00007ffb8d120000 - 0x00007ffb8d133000 	C:\Android Studio\jre\jre\bin\nio.dll
0x00007ffb895f0000 - 0x00007ffb89617000 	C:\Users\Admin\.gradle\native\f6784746aeab05261644944871eae4fe03e0ef1612fff0a4a95f87b438bc6780\windows-amd64\native-platform.dll
0x00007ffba02b0000 - 0x00007ffba02bd000 	C:\Android Studio\jre\jre\bin\management.dll
0x00007ffba7500000 - 0x00007ffba7518000 	C:\WINDOWS\SYSTEM32\CRYPTSP.dll
0x00007ffba6c60000 - 0x00007ffba6c94000 	C:\WINDOWS\system32\rsaenh.dll
0x00007ffba8040000 - 0x00007ffba8067000 	C:\WINDOWS\System32\bcrypt.dll
0x00007ffba7aa0000 - 0x00007ffba7ace000 	C:\WINDOWS\SYSTEM32\USERENV.dll
0x00007ffba81d0000 - 0x00007ffba824f000 	C:\WINDOWS\System32\bcryptprimitives.dll
0x00007ffba7520000 - 0x00007ffba752c000 	C:\WINDOWS\SYSTEM32\CRYPTBASE.dll
0x00007ffba6fc0000 - 0x00007ffba6ffb000 	C:\WINDOWS\SYSTEM32\IPHLPAPI.DLL
0x00007ffbaa400000 - 0x00007ffbaa409000 	C:\WINDOWS\System32\NSI.dll
0x00007ffb9ec40000 - 0x00007ffb9ec57000 	C:\WINDOWS\SYSTEM32\dhcpcsvc6.DLL
0x00007ffb9eb30000 - 0x00007ffb9eb4d000 	C:\WINDOWS\SYSTEM32\dhcpcsvc.DLL
0x00007ffba7000000 - 0x00007ffba70ca000 	C:\WINDOWS\SYSTEM32\DNSAPI.dll
0x00007ffb9f2b0000 - 0x00007ffb9f2bb000 	C:\WINDOWS\SYSTEM32\WINNSI.DLL
0x00007ffb8d0f0000 - 0x00007ffb8d114000 	C:\Android Studio\jre\jre\bin\sunec.dll
0x00007ffba04a0000 - 0x00007ffba04aa000 	C:\Windows\System32\rasadhlp.dll
0x00007ffb9d8a0000 - 0x00007ffb9d91f000 	C:\WINDOWS\System32\fwpuclnt.dll
0x00007ffb9d090000 - 0x00007ffb9d09b000 	C:\Android Studio\jre\jre\bin\sunmscapi.dll
0x00007ffba8070000 - 0x00007ffba81cd000 	C:\WINDOWS\System32\CRYPT32.dll
0x00007ffba68f0000 - 0x00007ffba6923000 	C:\WINDOWS\SYSTEM32\ntmarta.dll
0x00007ffb6e9a0000 - 0x00007ffb6eb3c000 	C:\Android Studio\jre\jre\bin\awt.dll
0x00007ffba8680000 - 0x00007ffba874d000 	C:\WINDOWS\System32\OLEAUT32.dll
0x00007ffba4d60000 - 0x00007ffba4d8e000 	C:\WINDOWS\SYSTEM32\dwmapi.dll
0x00007ffba3650000 - 0x00007ffba3c10000 	C:\WINDOWS\SYSTEM32\d2d1.dll
0x00007ffba4710000 - 0x00007ffba47a0000 	C:\WINDOWS\SYSTEM32\apphelp.dll
0x00007ffba4a30000 - 0x00007ffba4acf000 	C:\WINDOWS\system32\uxtheme.dll

VM Arguments:
jvm_args: -Xmx2048m -Dfile.encoding=UTF-8 -Duser.country=RU -Duser.language=ru -Duser.variant 
java_command: org.gradle.launcher.daemon.bootstrap.GradleDaemon 6.5
java_class_path (initial): C:\Users\Admin\.gradle\wrapper\dists\gradle-6.5-all\2oz4ud9k3tuxjg84bbf55q0tn\gradle-6.5\lib\gradle-launcher-6.5.jar
Launcher Type: SUN_STANDARD

Environment Variables:
JAVA_HOME=C:\Program Files\Java\jdk-9.0.4
PATH=C:\ProgramData\Oracle\Java\javapath;C:\WINDOWS\system32;C:\WINDOWS;C:\WINDOWS\System32\Wbem;C:\WINDOWS\System32\WindowsPowerShell\v1.0\;C:\WINDOWS\System32\OpenSSH\;C:\Program Files\Microsoft SQL Server\130\Tools\Binn\;C:\Program Files\Microsoft SQL Server\Client SDK\ODBC\170\Tools\Binn\;C:\Program Files\dotnet\;C:\Program Files (x86)\Microsoft SQL Server\140\Tools\Binn\;C:\Program Files\Microsoft SQL Server\140\Tools\Binn\;C:\Program Files (x86)\Microsoft SQL Server\140\DTS\Binn\;C:\Program Files\Microsoft SQL Server\140\DTS\Binn\;C:\Program Files\Microsoft SQL Server\Client SDK\ODBC\130\Tools\Binn\;C:\Program Files (x86)\Microsoft SQL Server\Client SDK\ODBC\130\Tools\Binn\;C:\Program Files (x86)\Microsoft SQL Server\140\Tools\Binn\ManagementStudio\;C:\Users\Admin\AppData\Local\Microsoft\WindowsApps;;C:\Users\Admin\AppData\Local\Programs\Microsoft VS Code\bin
USERNAME=Admin
OS=Windows_NT
PROCESSOR_IDENTIFIER=Intel64 Family 6 Model 69 Stepping 1, GenuineIntel



---------------  S Y S T E M  ---------------

OS: Windows 10.0 , 64 bit Build 19041 (10.0.19041.292)

CPU:total 4 (initial active 4) (2 cores per cpu, 2 threads per core) family 6 model 69 stepping 1, cmov, cx8, fxsr, mmx, sse, sse2, sse3, ssse3, sse4.1, sse4.2, popcnt, avx, avx2, aes, clmul, erms, lzcnt, ht, tsc, tscinvbit, bmi1, bmi2

Memory: 4k page, physical 8068916k(552904k free), swap 10166068k(6388k free)

vm_info: OpenJDK 64-Bit Server VM (25.242-b01) for windows-amd64 JRE (1.8.0_242-release-1644-b01), built by "builder" with MS VC++ 10.0 (VS2010)

time: Thu Nov 26 17:06:06 2020
timezone: RTZ 2 (зима)
elapsed time: 1154 seconds (0d 0h 19m 14s)

